<?xml version="1.0" encoding="UTF-8"?>
<!-- Generated by org.testng.reporters.JUnitReportReporter -->
<testsuite skipped="0" hostname="Laptop03" name="test.java.testcases.Login" tests="2" failures="0" timestamp="08 Dec 2017 11:51:13 GMT" time="68.741" errors="0">
  <testcase name="testMe" time="4.377" classname="test.java.testcases.Login"/>
  <testcase name="tearUP" time="64.364" classname="test.java.testcases.Login"/>
</testsuite> <!-- test.java.testcases.Login -->
