<?xml version="1.0" encoding="UTF-8"?>
<!-- Generated by org.testng.reporters.JUnitReportReporter -->
<testsuite skipped="0" hostname="Laptop03" name="test.java.testcases.VerifyLandingPage" tests="1" failures="0" timestamp="08 Dec 2017 11:51:13 GMT" time="0.020" errors="0">
  <testcase name="verifyTitle" time="0.020" classname="test.java.testcases.VerifyLandingPage"/>
</testsuite> <!-- test.java.testcases.VerifyLandingPage -->
