<?xml version="1.0" encoding="UTF-8"?>
<!-- Generated by org.testng.reporters.JUnitReportReporter -->
<testsuite skipped="0" hostname="ShubhamJ-PC" name="test.java.testcases.GmailSignIn" tests="1" failures="0" timestamp="07 Dec 2017 13:18:52 GMT" time="51.138" errors="0">
  <testcase name="gmailLogin" time="51.138" classname="test.java.testcases.GmailSignIn"/>
</testsuite> <!-- test.java.testcases.GmailSignIn -->
